<?xml version="1.0" encoding="UTF-8"?>
<robot generator="Robot 7.2.2 (Python 3.13.2 on win32)" generated="2025-03-14T09:31:00.660071" rpa="false" schemaversion="5">
<suite id="s1" name="Tests" source="C:\QAx\projects\mark85-robot-express\tests">
<suite id="s1-s1" name="Tasks" source="C:\QAx\projects\mark85-robot-express\tests\tasks">
<suite id="s1-s1-s1" name="Create" source="C:\QAx\projects\mark85-robot-express\tests\tasks\create.robot">
<test id="s1-s1-s1-t1" name="Deve poder cadastrar uma nova tarefa" line="10">
<kw name="Start Session" owner="base" type="SETUP">
<kw name="New Browser" owner="Browser">
<msg time="2025-03-14T09:31:02.442382" level="INFO">{"browser": "chromium", "headless": false, "chromiumSandbox": false, "devtools": false, "handleSIGHUP": true, "handleSIGINT": true, "handleSIGTERM": true, "slowMo": 0.0, "timeout": 30000.0, "tracesDir": "C:\\QAx\\projects\\mark85-robot-express\\logs\\browser\\traces\\temp\\4421e462-eebb-4930-9cfc-cfc41b653f72"}</msg>
<msg time="2025-03-14T09:31:02.496243" level="INFO">Starting Browser process C:\Users\SRCONTABIL-099\AppData\Local\Programs\Python\Python313\Lib\site-packages\Browser\wrapper\index.js using port 56662</msg>
<msg time="2025-03-14T09:31:02.496394" level="INFO">Node startup parameters: ['node', 'C:\\Users\\SRCONTABIL-099\\AppData\\Local\\Programs\\Python\\Python313\\Lib\\site-packages\\Browser\\wrapper\\index.js', '56662']</msg>
<msg time="2025-03-14T09:31:05.271491" level="INFO">Successfully created browser with options: {"browser":"chromium","headless":false,"chromiumSandbox":false,"devtools":false,"handleSIGHUP":true,"handleSIGINT":true,"handleSIGTERM":true,"slowMo":0,"timeout":30000,"tracesDir":"C:\\QAx\\projects\\mark85-robot-express\\logs\\browser\\traces\\temp\\4421e462-eebb-4930-9cfc-cfc41b653f72"}</msg>
<arg>browser=${BROWSER}</arg>
<arg>headless=False</arg>
<tag>BrowserControl</tag>
<tag>Setter</tag>
<doc>Create a new playwright Browser with specified options.</doc>
<status status="PASS" start="2025-03-14T09:31:02.440664" elapsed="2.831354"/>
</kw>
<kw name="New Page" owner="Browser">
<msg time="2025-03-14T09:31:06.343471" level="INFO">Successfully initialized new page object and opened url: http://localhost:3000</msg>
<msg time="2025-03-14T09:31:06.343592" level="INFO">No context was open. New context was automatically opened when this page is created.</msg>
<arg>${BASE_URL}</arg>
<tag>BrowserControl</tag>
<tag>Setter</tag>
<doc>Open a new Page.</doc>
<status status="PASS" start="2025-03-14T09:31:05.272847" elapsed="1.071009"/>
</kw>
<status status="PASS" start="2025-03-14T09:31:02.438196" elapsed="3.905912"/>
</kw>
<kw name="Get fixtures" owner="base">
<kw name="Load Json From File" owner="JSONLibrary">
<msg time="2025-03-14T09:31:06.349501" level="INFO">${data} = {'create': {'user': {'name': 'Steve Jobs', 'email': 'jobs@apple.com', 'password': 'pwd123'}, 'task': {'name': 'Criar uma nova versão do Ipod', 'tags': ['ios', 'music', 'ipod']}}, 'duplicate': {'user':...</msg>
<var>${data}</var>
<arg>${EXECDIR}/resources/fixtures/${file_name}.json</arg>
<arg>encoding=utf-8</arg>
<doc>Load JSON from file.</doc>
<status status="PASS" start="2025-03-14T09:31:06.346274" elapsed="0.003429"/>
</kw>
<return>
<value>${data}[${scneario}]</value>
<status status="PASS" start="2025-03-14T09:31:06.350089" elapsed="0.000488"/>
</return>
<msg time="2025-03-14T09:31:06.351347" level="INFO">${data} = {'user': {'name': 'Steve Jobs', 'email': 'jobs@apple.com', 'password': 'pwd123'}, 'task': {'name': 'Criar uma nova versão do Ipod', 'tags': ['ios', 'music', 'ipod']}}</msg>
<var>${data}</var>
<arg>tasks</arg>
<arg>create</arg>
<status status="PASS" start="2025-03-14T09:31:06.344813" elapsed="0.006630"/>
</kw>
<kw name="Reset user from database" owner="base">
<kw name="Clean user from database" owner="database">
<arg>${user}[email]</arg>
<status status="PASS" start="2025-03-14T09:31:06.353273" elapsed="4.188218"/>
</kw>
<kw name="Insert user from database" owner="database">
<msg time="2025-03-14T09:31:10.662037" level="INFO">insert user {'name': 'Steve Jobs', 'email': 'jobs@apple.com', 'password': b'$2b$08$EyF.xhKmfwPMdOsdmWituerpeaT123K7Md0r0u4udVhMdvaiLdh5W', '_id': ObjectId('67d4218ea6c94dca5352e2c7')}</msg>
<arg>${user}</arg>
<status status="PASS" start="2025-03-14T09:31:10.541723" elapsed="0.120427"/>
</kw>
<arg>${data}[user]</arg>
<status status="PASS" start="2025-03-14T09:31:06.352253" elapsed="4.310051"/>
</kw>
<kw name="Do login" owner="base">
<kw name="Submit login form" owner="LoginPage">
<kw name="Fill Text" owner="Browser">
<msg time="2025-03-14T09:31:10.669328" level="INFO">Fills the text 'jobs@apple.com' in the given field.</msg>
<arg>id=email</arg>
<arg>${user}[email]</arg>
<tag>PageContent</tag>
<tag>Setter</tag>
<doc>Clears and fills the given ``txt`` into the text field found by ``selector``.</doc>
<status status="PASS" start="2025-03-14T09:31:10.664588" elapsed="0.074894"/>
</kw>
<kw name="Fill Text" owner="Browser">
<msg time="2025-03-14T09:31:10.742724" level="INFO">Fills the text 'pwd123' in the given field.</msg>
<arg>id=password</arg>
<arg>${user}[password]</arg>
<tag>PageContent</tag>
<tag>Setter</tag>
<doc>Clears and fills the given ``txt`` into the text field found by ``selector``.</doc>
<status status="PASS" start="2025-03-14T09:31:10.740617" elapsed="0.044056"/>
</kw>
<kw name="Click" owner="Browser">
<msg time="2025-03-14T09:31:10.789944" level="INFO">Clicks the element 'id=buttonLogin'.</msg>
<arg>id=buttonLogin</arg>
<tag>PageContent</tag>
<tag>Setter</tag>
<doc>Simulates mouse click on the element found by ``selector``.</doc>
<status status="PASS" start="2025-03-14T09:31:10.785690" elapsed="0.131386"/>
</kw>
<arg>${user}</arg>
<status status="PASS" start="2025-03-14T09:31:10.663524" elapsed="0.254004"/>
</kw>
<kw name="User should be loged in" owner="Header">
<kw name="Split String" owner="String">
<msg time="2025-03-14T09:31:10.922322" level="INFO">@{splited_name} = [ Steve | Jobs ]</msg>
<var>@{splited_name}</var>
<arg>${name}</arg>
<doc>Splits the ``string`` using ``separator`` as a delimiter string.</doc>
<status status="PASS" start="2025-03-14T09:31:10.921322" elapsed="0.001096"/>
</kw>
<kw name="Set Variable" owner="BuiltIn">
<msg time="2025-03-14T09:31:10.923338" level="INFO">${element} = header .right small</msg>
<var>${element}</var>
<arg>header .right small</arg>
<doc>Returns the given values which can then be assigned to a variables.</doc>
<status status="PASS" start="2025-03-14T09:31:10.922820" elapsed="0.000611"/>
</kw>
<kw name="Wait For Elements State" owner="Browser">
<msg time="2025-03-14T09:31:11.025481" level="INFO">Waited for Element with selector css=header .right small at state visible</msg>
<arg>css=${element}</arg>
<arg>visible</arg>
<arg>5</arg>
<tag>PageContent</tag>
<tag>Wait</tag>
<doc>Waits for the element found by ``selector`` to satisfy state option.</doc>
<status status="PASS" start="2025-03-14T09:31:10.923738" elapsed="0.102285"/>
</kw>
<kw name="Get Text" owner="Browser">
<msg time="2025-03-14T09:31:11.092750" level="INFO">Text: 'Olá, Steve'</msg>
<arg>css=${element}</arg>
<arg>equal</arg>
<arg>Olá, ${splited_name}[0]</arg>
<tag>Assertion</tag>
<tag>Getter</tag>
<tag>PageContent</tag>
<doc>Returns text attribute of the element found by ``selector``.</doc>
<status status="PASS" start="2025-03-14T09:31:11.027099" elapsed="0.065931"/>
</kw>
<arg>${user}[name]</arg>
<status status="PASS" start="2025-03-14T09:31:10.918181" elapsed="0.175188"/>
</kw>
<arg>${data}[user]</arg>
<status status="PASS" start="2025-03-14T09:31:10.662820" elapsed="0.430712"/>
</kw>
<kw name="Go to task form" owner="Header">
<kw name="Click" owner="Browser">
<msg time="2025-03-14T09:31:11.095778" level="INFO">Clicks the element 'css=.button-add'.</msg>
<arg>css=.button-add</arg>
<tag>PageContent</tag>
<tag>Setter</tag>
<doc>Simulates mouse click on the element found by ``selector``.</doc>
<status status="PASS" start="2025-03-14T09:31:11.094633" elapsed="0.097838"/>
</kw>
<status status="PASS" start="2025-03-14T09:31:11.094041" elapsed="0.098857"/>
</kw>
<kw name=" Submit task form" owner="TaskCreatePage">
<kw name="Set Variable" owner="BuiltIn">
<msg time="2025-03-14T09:31:11.196922" level="INFO">${tags_element} = css=input[name=tags]</msg>
<var>${tags_element}</var>
<arg>css=input[name=tags]</arg>
<doc>Returns the given values which can then be assigned to a variables.</doc>
<status status="PASS" start="2025-03-14T09:31:11.196352" elapsed="0.000666"/>
</kw>
<kw name="Fill Text" owner="Browser">
<msg time="2025-03-14T09:31:11.201378" level="INFO">Fills the text 'Criar uma nova versão do Ipod' in the given field.</msg>
<arg>css=input[placeholder$=tarefa]</arg>
<arg>${task}[name]</arg>
<tag>PageContent</tag>
<tag>Setter</tag>
<doc>Clears and fills the given ``txt`` into the text field found by ``selector``.</doc>
<status status="PASS" start="2025-03-14T09:31:11.198366" elapsed="0.029671"/>
</kw>
<for flavor="IN">
<iter>
<kw name="Fill Text" owner="Browser">
<msg time="2025-03-14T09:31:11.230206" level="INFO">Fills the text 'ios' in the given field.</msg>
<arg>${tags_element}</arg>
<arg>${tag}</arg>
<tag>PageContent</tag>
<tag>Setter</tag>
<doc>Clears and fills the given ``txt`` into the text field found by ``selector``.</doc>
<status status="PASS" start="2025-03-14T09:31:11.229169" elapsed="0.028996"/>
</kw>
<kw name="Sleep" owner="BuiltIn">
<msg time="2025-03-14T09:31:11.759506" level="INFO">Slept 500 milliseconds.</msg>
<arg>0.5</arg>
<doc>Pauses the test executed for the given time.</doc>
<status status="PASS" start="2025-03-14T09:31:11.258594" elapsed="0.501120"/>
</kw>
<kw name="Press Keys" owner="Browser">
<arg>${tags_element}</arg>
<arg>Enter</arg>
<tag>PageContent</tag>
<tag>Setter</tag>
<doc>Types the given key combination into element found by ``selector``.</doc>
<status status="PASS" start="2025-03-14T09:31:11.760107" elapsed="0.080000"/>
</kw>
<var name="${tag}">ios</var>
<status status="PASS" start="2025-03-14T09:31:11.228761" elapsed="0.611683"/>
</iter>
<iter>
<kw name="Fill Text" owner="Browser">
<msg time="2025-03-14T09:31:11.843249" level="INFO">Fills the text 'music' in the given field.</msg>
<arg>${tags_element}</arg>
<arg>${tag}</arg>
<tag>PageContent</tag>
<tag>Setter</tag>
<doc>Clears and fills the given ``txt`` into the text field found by ``selector``.</doc>
<status status="PASS" start="2025-03-14T09:31:11.841747" elapsed="0.036968"/>
</kw>
<kw name="Sleep" owner="BuiltIn">
<msg time="2025-03-14T09:31:12.381196" level="INFO">Slept 500 milliseconds.</msg>
<arg>0.5</arg>
<doc>Pauses the test executed for the given time.</doc>
<status status="PASS" start="2025-03-14T09:31:11.879275" elapsed="0.502301"/>
</kw>
<kw name="Press Keys" owner="Browser">
<arg>${tags_element}</arg>
<arg>Enter</arg>
<tag>PageContent</tag>
<tag>Setter</tag>
<doc>Types the given key combination into element found by ``selector``.</doc>
<status status="PASS" start="2025-03-14T09:31:12.382190" elapsed="0.057307"/>
</kw>
<var name="${tag}">music</var>
<status status="PASS" start="2025-03-14T09:31:11.840943" elapsed="0.598925"/>
</iter>
<iter>
<kw name="Fill Text" owner="Browser">
<msg time="2025-03-14T09:31:12.441986" level="INFO">Fills the text 'ipod' in the given field.</msg>
<arg>${tags_element}</arg>
<arg>${tag}</arg>
<tag>PageContent</tag>
<tag>Setter</tag>
<doc>Clears and fills the given ``txt`` into the text field found by ``selector``.</doc>
<status status="PASS" start="2025-03-14T09:31:12.441002" elapsed="0.041460"/>
</kw>
<kw name="Sleep" owner="BuiltIn">
<msg time="2025-03-14T09:31:12.985268" level="INFO">Slept 500 milliseconds.</msg>
<arg>0.5</arg>
<doc>Pauses the test executed for the given time.</doc>
<status status="PASS" start="2025-03-14T09:31:12.483371" elapsed="0.502215"/>
</kw>
<kw name="Press Keys" owner="Browser">
<arg>${tags_element}</arg>
<arg>Enter</arg>
<tag>PageContent</tag>
<tag>Setter</tag>
<doc>Types the given key combination into element found by ``selector``.</doc>
<status status="PASS" start="2025-03-14T09:31:12.986136" elapsed="0.023372"/>
</kw>
<var name="${tag}">ipod</var>
<status status="PASS" start="2025-03-14T09:31:12.440330" elapsed="0.569313"/>
</iter>
<var>${tag}</var>
<value>@{task}[tags]</value>
<status status="PASS" start="2025-03-14T09:31:11.228225" elapsed="1.781512"/>
</for>
<kw name="Click" owner="Browser">
<msg time="2025-03-14T09:31:13.010852" level="INFO">Clicks the element 'css=button &gt;&gt; text=Cadastrar'.</msg>
<arg>css=button &gt;&gt; text=Cadastrar</arg>
<tag>PageContent</tag>
<tag>Setter</tag>
<doc>Simulates mouse click on the element found by ``selector``.</doc>
<status status="PASS" start="2025-03-14T09:31:13.010035" elapsed="0.062483"/>
</kw>
<arg>${data}[task]</arg>
<status status="PASS" start="2025-03-14T09:31:11.194346" elapsed="1.878424"/>
</kw>
<kw name="Task should be registered" owner="TasksPage">
<kw name="Wait For Elements State" owner="Browser">
<msg time="2025-03-14T09:31:13.208419" level="INFO">Waited for Element with selector css=.task-todo &gt;&gt; text=Criar uma nova versão do Ipod at state visible</msg>
<arg>css=.task-todo &gt;&gt; text=${task_name}</arg>
<arg>visible</arg>
<arg>5</arg>
<tag>PageContent</tag>
<tag>Wait</tag>
<doc>Waits for the element found by ``selector`` to satisfy state option.</doc>
<status status="PASS" start="2025-03-14T09:31:13.075063" elapsed="0.133563"/>
</kw>
<arg>${data}[task][name]</arg>
<status status="PASS" start="2025-03-14T09:31:13.073506" elapsed="0.135268"/>
</kw>
<kw name="Take Screenshot" owner="Browser" type="TEARDOWN">
<msg time="2025-03-14T09:31:13.495019" level="INFO" html="true">&lt;/td&gt;&lt;/tr&gt;&lt;tr&gt;&lt;td colspan="3"&gt;&lt;a href="browser/screenshot/robotframework-browser-screenshot-1.png" target="_blank"&gt;&lt;img src="browser/screenshot/robotframework-browser-screenshot-1.png" width="800px"/&gt;&lt;/a&gt;</msg>
<tag>PageContent</tag>
<doc>Takes a screenshot of the current window or element and saves it to disk.</doc>
<status status="PASS" start="2025-03-14T09:31:13.209284" elapsed="0.286011"/>
</kw>
<msg time="2025-03-14T09:31:13.503390" level="INFO">Set timeout to: 10000</msg>
<msg time="2025-03-14T09:31:13.529954" level="INFO">Switching context to context=4f5b780e-c7e0-4be3-b0c4-5114b5f60b06 in CURRENT</msg>
<msg time="2025-03-14T09:31:13.545367" level="INFO">Successfully changed active context: context=4f5b780e-c7e0-4be3-b0c4-5114b5f60b06</msg>
<msg time="2025-03-14T09:31:13.614406" level="INFO">Successfully closed Context</msg>
<tag>critical</tag>
<status status="PASS" start="2025-03-14T09:31:02.435649" elapsed="11.059991"/>
</test>
<doc>Cenários de cadastro de tarefas</doc>
<status status="PASS" start="2025-03-14T09:31:00.713842" elapsed="12.917009"/>
</suite>
<status status="PASS" start="2025-03-14T09:31:00.711895" elapsed="12.949918"/>
</suite>
<status status="PASS" start="2025-03-14T09:31:00.661578" elapsed="13.001985"/>
</suite>
<statistics>
<total>
<stat pass="1" fail="0" skip="0">All Tests</stat>
</total>
<tag>
<stat pass="1" fail="0" skip="0">critical</stat>
</tag>
<suite>
<stat name="Tests" id="s1" pass="1" fail="0" skip="0">Tests</stat>
<stat name="Tasks" id="s1-s1" pass="1" fail="0" skip="0">Tests.Tasks</stat>
<stat name="Create" id="s1-s1-s1" pass="1" fail="0" skip="0">Tests.Tasks.Create</stat>
</suite>
</statistics>
<errors>
<msg time="2025-03-14T09:31:00.723711" level="WARN">Error in file 'C:\QAx\projects\mark85-robot-express\resources\base.resource' on line 38: The '[Return]' setting is deprecated. Use the 'RETURN' statement instead.</msg>
</errors>
</robot>
